<?xml version="1.0" encoding="UTF-8"?>
<!-- Generated by org.testng.reporters.JUnitXMLReporter -->
<testsuite ignored="2" hostname="Hrishabh" failures="1" tests="1" name="Default test(failed)" time="0.06" errors="0" timestamp="2024-03-12T16:55:05 IST">
  <testcase classname="testngTestcases.Grouping" name="second" time="0.017">
    <failure type="java.lang.NoSuchMethodError" message="&amp;apos;void org.testng.Assert.assertEquals(boolean, java.lang.Boolean)&amp;apos;">
      <![CDATA[java.lang.NoSuchMethodError: 'void org.testng.Assert.assertEquals(boolean, java.lang.Boolean)'
at testngTestcases.Grouping.second(Grouping.java:18)
at java.base/java.util.ArrayList.forEach(ArrayList.java:1511)
... Removed 27 stack frames]]>
    </failure>
  </testcase> <!-- second -->
  <testcase classname="testngTestcases.Grouping" name="third" time="0.0">
    <ignored/>
  </testcase> <!-- third -->
  <testcase classname="testngTestcases.Grouping" name="first" time="0.0">
    <ignored/>
  </testcase> <!-- first -->
</testsuite> <!-- Default test(failed) -->
