<?xml version="1.0" encoding="UTF-8"?>
<!-- Generated by org.testng.reporters.JUnitXMLReporter -->
<testsuite ignored="2" hostname="Hrishabh" failures="0" tests="1" name="Default test(failed)(failed)" time="0.044" errors="0" timestamp="2024-03-12T16:55:27 IST">
  <testcase classname="testngTestcases.Grouping" name="second" time="0.011"/>
  <testcase classname="testngTestcases.Grouping" name="third" time="0.0">
    <ignored/>
  </testcase> <!-- third -->
  <testcase classname="testngTestcases.Grouping" name="first" time="0.0">
    <ignored/>
  </testcase> <!-- first -->
</testsuite> <!-- Default test(failed)(failed) -->
