<?xml version="1.0" encoding="UTF-8"?>
<testng-results ignored="0" total="2" passed="2" failed="0" skipped="0">
  <reporter-output>
  </reporter-output>
  <suite started-at="2024-03-12T23:03:03 IST" name="Default suite" finished-at="2024-03-12T23:03:20 IST" duration-ms="17328">
    <groups>
      <group name="A">
        <method signature="DependsOnTesting.Apple()[pri:0, instance:testngTestcases.DependsOnTesting@485966cc]" name="Apple" class="testngTestcases.DependsOnTesting"/>
      </group> <!-- A -->
    </groups>
    <test started-at="2024-03-12T23:03:03 IST" name="Default test" finished-at="2024-03-12T23:03:20 IST" duration-ms="17328">
      <class name="testngTestcases.DependsOnTesting">
        <test-method is-config="true" signature="chromeTearUp()[pri:0, instance:testngTestcases.DependsOnTesting@485966cc]" started-at="2024-03-12T23:03:03 IST" name="chromeTearUp" finished-at="2024-03-12T23:03:06 IST" duration-ms="3403" status="PASS">
          <reporter-output>
          </reporter-output>
        </test-method> <!-- chromeTearUp -->
        <test-method signature="Apple()[pri:0, instance:testngTestcases.DependsOnTesting@485966cc]" started-at="2024-03-12T23:03:06 IST" name="Apple" finished-at="2024-03-12T23:03:13 IST" duration-ms="6682" status="PASS">
          <reporter-output>
          </reporter-output>
        </test-method> <!-- Apple -->
        <test-method signature="Banana()[pri:0, instance:testngTestcases.DependsOnTesting@485966cc]" started-at="2024-03-12T23:03:13 IST" name="Banana" depends-on-groups="A" finished-at="2024-03-12T23:03:20 IST" duration-ms="6853" status="PASS">
          <reporter-output>
          </reporter-output>
        </test-method> <!-- Banana -->
        <test-method is-config="true" signature="fireFoxTearDown()[pri:0, instance:testngTestcases.DependsOnTesting@485966cc]" started-at="2024-03-12T23:03:20 IST" name="fireFoxTearDown" finished-at="2024-03-12T23:03:20 IST" duration-ms="329" status="PASS">
          <reporter-output>
          </reporter-output>
        </test-method> <!-- fireFoxTearDown -->
      </class> <!-- testngTestcases.DependsOnTesting -->
    </test> <!-- Default test -->
  </suite> <!-- Default suite -->
</testng-results>
